<?xml version="1.0" encoding="UTF-8"?>
<!-- Generated by org.testng.reporters.JUnitXMLReporter -->
<testsuite ignored="0" hostname="Sandhu-Laptop" failures="0" tests="6" name="car loan" time="0.047" errors="0" timestamp="2022-12-26T21:06:56 MST">
  <testcase classname="demoP.day3" name="bikeLoan" time="0.001"/>
  <testcase classname="demoP.day3" name="carLoan" time="0.004"/>
  <testcase classname="demoP.day3" name="houseLoan" time="0.004"/>
  <testcase classname="demoP.day3" name="tvLoan" time="0.003"/>
  <testcase classname="demoP.day3" name="tvLoan" time="0.003"/>
  <testcase classname="demoP.day3" name="tvLoan" time="0.002"/>
</testsuite> <!-- car loan -->
